# JRE version: OpenJDK Runtime Environment (17.0.6) (build 17.0.6+0-b2043.56-10027231)
# Java VM: OpenJDK 64-Bit Server VM (17.0.6+0-b2043.56-10027231, mixed mode, tiered, compressed oops, compressed class ptrs, g1 gc, windows-amd64)
GC Precious Log:
 CPUs: 8 total, 8 available
 Memory: 8039M
 Large Page Support: Disabled
 NUMA Support: Disabled
 Compressed Oops: Enabled (32-bit)
 Heap Region Size: 1M
 Heap Min Capacity: 8M
 Heap Initial Capacity: 126M
 Heap Max Capacity: 2G
 Pre-touch: Disabled
 Parallel Workers: 8
 Concurrent Workers: 2
 Concurrent Refinement Workers: 8
 Periodic GC: Disabled
Heap:
 garbage-first heap   total 75776K, used 59041K [0x0000000080000000, 0x0000000100000000)
  region size 1024K, 10 young (10240K), 1 survivors (1024K)
 Metaspace       used 53709K, committed 54208K, reserved 1097728K
  class space    used 7168K, committed 7360K, reserved 1048576K
GC Heap History (20 events):
Event: 15.808 GC heap before
{Heap before GC invocations=7 (full 0):
 garbage-first heap   total 68608K, used 27454K [0x0000000080000000, 0x0000000100000000)
  region size 1024K, 9 young (9216K), 3 survivors (3072K)
 Metaspace       used 35655K, committed 35968K, reserved 1081344K
  class space    used 4875K, committed 5056K, reserved 1048576K
}
Event: 15.815 GC heap after
{Heap after GC invocations=8 (full 0):
 garbage-first heap   total 68608K, used 24213K [0x0000000080000000, 0x0000000100000000)
  region size 1024K, 3 young (3072K), 3 survivors (3072K)
 Metaspace       used 35655K, committed 35968K, reserved 1081344K
  class space    used 4875K, committed 5056K, reserved 1048576K
}
Event: 17.189 GC heap before
{Heap before GC invocations=9 (full 0):
 garbage-first heap   total 68608K, used 48789K [0x0000000080000000, 0x0000000100000000)
  region size 1024K, 28 young (28672K), 3 survivors (3072K)
 Metaspace       used 40432K, committed 40768K, reserved 1089536K
  class space    used 5357K, committed 5504K, reserved 1048576K
}
Event: 17.198 GC heap after
{Heap after GC invocations=10 (full 0):
 garbage-first heap   total 68608K, used 27771K [0x0000000080000000, 0x0000000100000000)
  region size 1024K, 4 young (4096K), 4 survivors (4096K)
 Metaspace       used 40432K, committed 40768K, reserved 1089536K
  class space    used 5357K, committed 5504K, reserved 1048576K
}
Event: 18.243 GC heap before
{Heap before GC invocations=10 (full 0):
 garbage-first heap   total 68608K, used 53371K [0x0000000080000000, 0x0000000100000000)
  region size 1024K, 26 young (26624K), 4 survivors (4096K)
 Metaspace       used 43016K, committed 43456K, reserved 1089536K
  class space    used 5644K, committed 5824K, reserved 1048576K
}
Event: 18.250 GC heap after
{Heap after GC invocations=11 (full 0):
 garbage-first heap   total 68608K, used 29500K [0x0000000080000000, 0x0000000100000000)
  region size 1024K, 3 young (3072K), 3 survivors (3072K)
 Metaspace       used 43016K, committed 43456K, reserved 1089536K
  class space    used 5644K, committed 5824K, reserved 1048576K
}
Event: 20.810 GC heap before
{Heap before GC invocations=11 (full 0):
 garbage-first heap   total 68608K, used 51004K [0x0000000080000000, 0x0000000100000000)
  region size 1024K, 24 young (24576K), 3 survivors (3072K)
 Metaspace       used 45009K, committed 45504K, reserved 1089536K
  class space    used 5850K, committed 6080K, reserved 1048576K
}
Event: 20.815 GC heap after
{Heap after GC invocations=12 (full 0):
 garbage-first heap   total 68608K, used 31158K [0x0000000080000000, 0x0000000100000000)
  region size 1024K, 2 young (2048K), 2 survivors (2048K)
 Metaspace       used 45009K, committed 45504K, reserved 1089536K
  class space    used 5850K, committed 6080K, reserved 1048576K
}
Event: 22.852 GC heap before
{Heap before GC invocations=12 (full 0):
 garbage-first heap   total 68608K, used 51638K [0x0000000080000000, 0x0000000100000000)
  region size 1024K, 22 young (22528K), 2 survivors (2048K)
 Metaspace       used 47556K, committed 47936K, reserved 1097728K
  class space    used 6277K, committed 6464K, reserved 1048576K
}
Event: 22.858 GC heap after
{Heap after GC invocations=13 (full 0):
 garbage-first heap   total 68608K, used 32655K [0x0000000080000000, 0x0000000100000000)
  region size 1024K, 3 young (3072K), 3 survivors (3072K)
 Metaspace       used 47556K, committed 47936K, reserved 1097728K
  class space    used 6277K, committed 6464K, reserved 1048576K
}
Event: 25.363 GC heap before
{Heap before GC invocations=13 (full 0):
 garbage-first heap   total 68608K, used 53135K [0x0000000080000000, 0x0000000100000000)
  region size 1024K, 23 young (23552K), 3 survivors (3072K)
 Metaspace       used 50425K, committed 50944K, reserved 1097728K
  class space    used 6744K, committed 6976K, reserved 1048576K
}
Event: 25.369 GC heap after
{Heap after GC invocations=14 (full 0):
 garbage-first heap   total 68608K, used 33925K [0x0000000080000000, 0x0000000100000000)
  region size 1024K, 3 young (3072K), 3 survivors (3072K)
 Metaspace       used 50425K, committed 50944K, reserved 1097728K
  class space    used 6744K, committed 6976K, reserved 1048576K
}
Event: 28.349 GC heap before
{Heap before GC invocations=14 (full 0):
 garbage-first heap   total 68608K, used 53381K [0x0000000080000000, 0x0000000100000000)
  region size 1024K, 22 young (22528K), 3 survivors (3072K)
 Metaspace       used 52625K, committed 53184K, reserved 1097728K
  class space    used 7050K, committed 7296K, reserved 1048576K
}
Event: 28.356 GC heap after
{Heap after GC invocations=15 (full 0):
 garbage-first heap   total 68608K, used 35558K [0x0000000080000000, 0x0000000100000000)
  region size 1024K, 3 young (3072K), 3 survivors (3072K)
 Metaspace       used 52625K, committed 53184K, reserved 1097728K
  class space    used 7050K, committed 7296K, reserved 1048576K
}
Event: 34.245 GC heap before
{Heap before GC invocations=16 (full 0):
 garbage-first heap   total 68608K, used 53990K [0x0000000080000000, 0x0000000100000000)
  region size 1024K, 21 young (21504K), 3 survivors (3072K)
 Metaspace       used 53213K, committed 53632K, reserved 1097728K
  class space    used 7119K, committed 7296K, reserved 1048576K
}
Event: 34.252 GC heap after
{Heap after GC invocations=17 (full 0):
 garbage-first heap   total 68608K, used 38193K [0x0000000080000000, 0x0000000100000000)
  region size 1024K, 3 young (3072K), 3 survivors (3072K)
 Metaspace       used 53213K, committed 53632K, reserved 1097728K
  class space    used 7119K, committed 7296K, reserved 1048576K
}
Event: 35.999 GC heap before
{Heap before GC invocations=17 (full 0):
 garbage-first heap   total 68608K, used 52529K [0x0000000080000000, 0x0000000100000000)
  region size 1024K, 18 young (18432K), 3 survivors (3072K)
 Metaspace       used 53581K, committed 54016K, reserved 1097728K
  class space    used 7160K, committed 7360K, reserved 1048576K
}
Event: 36.005 GC heap after
{Heap after GC invocations=18 (full 0):
 garbage-first heap   total 68608K, used 41332K [0x0000000080000000, 0x0000000100000000)
  region size 1024K, 3 young (3072K), 3 survivors (3072K)
 Metaspace       used 53581K, committed 54016K, reserved 1097728K
  class space    used 7160K, committed 7360K, reserved 1048576K
}
Event: 36.798 GC heap before
{Heap before GC invocations=19 (full 0):
 garbage-first heap   total 75776K, used 44404K [0x0000000080000000, 0x0000000100000000)
  region size 1024K, 7 young (7168K), 3 survivors (3072K)
 Metaspace       used 53623K, committed 54080K, reserved 1097728K
  class space    used 7161K, committed 7360K, reserved 1048576K
}
Event: 36.802 GC heap after
{Heap after GC invocations=20 (full 0):
 garbage-first heap   total 75776K, used 41633K [0x0000000080000000, 0x0000000100000000)
  region size 1024K, 1 young (1024K), 1 survivors (1024K)
 Metaspace       used 53623K, committed 54080K, reserved 1097728K
  class space    used 7161K, committed 7360K, reserved 1048576K
}

